[2023-01-03T23:26:56.293+0000] {processor.py:154} INFO - Started process (PID=323) to work on /home/airflow/.local/lib/python3.7/site-packages/airflow/example_dags/example_complex.py
[2023-01-03T23:26:56.296+0000] {processor.py:756} INFO - Processing file /home/airflow/.local/lib/python3.7/site-packages/airflow/example_dags/example_complex.py for tasks to queue
[2023-01-03T23:26:56.298+0000] {logging_mixin.py:120} INFO - [2023-01-03T23:26:56.297+0000] {dagbag.py:537} INFO - Filling up the DagBag from /home/airflow/.local/lib/python3.7/site-packages/airflow/example_dags/example_complex.py
[2023-01-03T23:26:56.312+0000] {logging_mixin.py:120} INFO - [2023-01-03T23:26:56.312+0000] {taskmixin.py:205} WARNING - Dependency <Task(BashOperator): create_entry_group>, delete_entry_group already registered for DAG: example_complex
[2023-01-03T23:26:56.314+0000] {logging_mixin.py:120} INFO - [2023-01-03T23:26:56.314+0000] {taskmixin.py:205} WARNING - Dependency <Task(BashOperator): delete_entry_group>, create_entry_group already registered for DAG: example_complex
[2023-01-03T23:26:56.315+0000] {logging_mixin.py:120} INFO - [2023-01-03T23:26:56.315+0000] {taskmixin.py:205} WARNING - Dependency <Task(BashOperator): create_entry_gcs>, delete_entry already registered for DAG: example_complex
[2023-01-03T23:26:56.316+0000] {logging_mixin.py:120} INFO - [2023-01-03T23:26:56.316+0000] {taskmixin.py:205} WARNING - Dependency <Task(BashOperator): delete_entry>, create_entry_gcs already registered for DAG: example_complex
[2023-01-03T23:26:56.317+0000] {logging_mixin.py:120} INFO - [2023-01-03T23:26:56.317+0000] {taskmixin.py:205} WARNING - Dependency <Task(BashOperator): create_tag>, delete_tag already registered for DAG: example_complex
[2023-01-03T23:26:56.319+0000] {logging_mixin.py:120} INFO - [2023-01-03T23:26:56.318+0000] {taskmixin.py:205} WARNING - Dependency <Task(BashOperator): delete_tag>, create_tag already registered for DAG: example_complex
[2023-01-03T23:26:56.332+0000] {processor.py:766} INFO - DAG(s) dict_keys(['example_complex']) retrieved from /home/airflow/.local/lib/python3.7/site-packages/airflow/example_dags/example_complex.py
[2023-01-03T23:26:56.365+0000] {logging_mixin.py:120} INFO - [2023-01-03T23:26:56.364+0000] {dag.py:2585} INFO - Sync 1 DAGs
[2023-01-03T23:26:56.397+0000] {logging_mixin.py:120} INFO - [2023-01-03T23:26:56.396+0000] {dag.py:3340} INFO - Setting next_dagrun for example_complex to None, run_after=None
[2023-01-03T23:26:56.424+0000] {processor.py:176} INFO - Processing /home/airflow/.local/lib/python3.7/site-packages/airflow/example_dags/example_complex.py took 0.137 seconds
[2023-01-03T23:27:28.105+0000] {processor.py:154} INFO - Started process (PID=587) to work on /home/airflow/.local/lib/python3.7/site-packages/airflow/example_dags/example_complex.py
[2023-01-03T23:27:28.108+0000] {processor.py:756} INFO - Processing file /home/airflow/.local/lib/python3.7/site-packages/airflow/example_dags/example_complex.py for tasks to queue
[2023-01-03T23:27:28.110+0000] {logging_mixin.py:120} INFO - [2023-01-03T23:27:28.110+0000] {dagbag.py:537} INFO - Filling up the DagBag from /home/airflow/.local/lib/python3.7/site-packages/airflow/example_dags/example_complex.py
[2023-01-03T23:27:28.133+0000] {logging_mixin.py:120} INFO - [2023-01-03T23:27:28.132+0000] {taskmixin.py:205} WARNING - Dependency <Task(BashOperator): create_entry_group>, delete_entry_group already registered for DAG: example_complex
[2023-01-03T23:27:28.134+0000] {logging_mixin.py:120} INFO - [2023-01-03T23:27:28.134+0000] {taskmixin.py:205} WARNING - Dependency <Task(BashOperator): delete_entry_group>, create_entry_group already registered for DAG: example_complex
[2023-01-03T23:27:28.135+0000] {logging_mixin.py:120} INFO - [2023-01-03T23:27:28.135+0000] {taskmixin.py:205} WARNING - Dependency <Task(BashOperator): create_entry_gcs>, delete_entry already registered for DAG: example_complex
[2023-01-03T23:27:28.137+0000] {logging_mixin.py:120} INFO - [2023-01-03T23:27:28.136+0000] {taskmixin.py:205} WARNING - Dependency <Task(BashOperator): delete_entry>, create_entry_gcs already registered for DAG: example_complex
[2023-01-03T23:27:28.138+0000] {logging_mixin.py:120} INFO - [2023-01-03T23:27:28.138+0000] {taskmixin.py:205} WARNING - Dependency <Task(BashOperator): create_tag>, delete_tag already registered for DAG: example_complex
[2023-01-03T23:27:28.140+0000] {logging_mixin.py:120} INFO - [2023-01-03T23:27:28.139+0000] {taskmixin.py:205} WARNING - Dependency <Task(BashOperator): delete_tag>, create_tag already registered for DAG: example_complex
[2023-01-03T23:27:28.151+0000] {processor.py:766} INFO - DAG(s) dict_keys(['example_complex']) retrieved from /home/airflow/.local/lib/python3.7/site-packages/airflow/example_dags/example_complex.py
[2023-01-03T23:27:28.222+0000] {logging_mixin.py:120} INFO - [2023-01-03T23:27:28.222+0000] {dag.py:2585} INFO - Sync 1 DAGs
[2023-01-03T23:27:28.256+0000] {logging_mixin.py:120} INFO - [2023-01-03T23:27:28.256+0000] {dag.py:3340} INFO - Setting next_dagrun for example_complex to None, run_after=None
[2023-01-03T23:27:28.297+0000] {processor.py:176} INFO - Processing /home/airflow/.local/lib/python3.7/site-packages/airflow/example_dags/example_complex.py took 0.201 seconds
