[2023-01-03T23:26:53.218+0000] {processor.py:154} INFO - Started process (PID=176) to work on /home/airflow/.local/lib/python3.7/site-packages/airflow/example_dags/example_subdag_operator.py
[2023-01-03T23:26:53.220+0000] {processor.py:756} INFO - Processing file /home/airflow/.local/lib/python3.7/site-packages/airflow/example_dags/example_subdag_operator.py for tasks to queue
[2023-01-03T23:26:53.222+0000] {logging_mixin.py:120} INFO - [2023-01-03T23:26:53.222+0000] {dagbag.py:537} INFO - Filling up the DagBag from /home/airflow/.local/lib/python3.7/site-packages/airflow/example_dags/example_subdag_operator.py
[2023-01-03T23:26:53.273+0000] {processor.py:766} INFO - DAG(s) dict_keys(['example_subdag_operator.section-1', 'example_subdag_operator.section-2', 'example_subdag_operator']) retrieved from /home/airflow/.local/lib/python3.7/site-packages/airflow/example_dags/example_subdag_operator.py
[2023-01-03T23:26:53.300+0000] {logging_mixin.py:120} INFO - [2023-01-03T23:26:53.299+0000] {dag.py:2585} INFO - Sync 3 DAGs
[2023-01-03T23:26:53.347+0000] {logging_mixin.py:120} INFO - [2023-01-03T23:26:53.346+0000] {dag.py:3340} INFO - Setting next_dagrun for example_subdag_operator to 2022-01-01T00:00:00+00:00, run_after=2022-01-01T00:00:00+00:00
[2023-01-03T23:26:53.356+0000] {logging_mixin.py:120} INFO - [2023-01-03T23:26:53.356+0000] {dag.py:3340} INFO - Setting next_dagrun for example_subdag_operator.section-1 to None, run_after=None
[2023-01-03T23:26:53.360+0000] {logging_mixin.py:120} INFO - [2023-01-03T23:26:53.360+0000] {dag.py:3340} INFO - Setting next_dagrun for example_subdag_operator.section-2 to None, run_after=None
[2023-01-03T23:26:53.379+0000] {logging_mixin.py:120} INFO - [2023-01-03T23:26:53.379+0000] {dag.py:2585} INFO - Sync 2 DAGs
[2023-01-03T23:26:53.390+0000] {logging_mixin.py:120} INFO - [2023-01-03T23:26:53.390+0000] {dag.py:3340} INFO - Setting next_dagrun for example_subdag_operator.section-1 to None, run_after=None
[2023-01-03T23:26:53.391+0000] {logging_mixin.py:120} INFO - [2023-01-03T23:26:53.391+0000] {dag.py:3340} INFO - Setting next_dagrun for example_subdag_operator.section-2 to None, run_after=None
[2023-01-03T23:26:53.406+0000] {processor.py:176} INFO - Processing /home/airflow/.local/lib/python3.7/site-packages/airflow/example_dags/example_subdag_operator.py took 0.197 seconds
[2023-01-03T23:27:24.173+0000] {processor.py:154} INFO - Started process (PID=381) to work on /home/airflow/.local/lib/python3.7/site-packages/airflow/example_dags/example_subdag_operator.py
[2023-01-03T23:27:24.176+0000] {processor.py:756} INFO - Processing file /home/airflow/.local/lib/python3.7/site-packages/airflow/example_dags/example_subdag_operator.py for tasks to queue
[2023-01-03T23:27:24.178+0000] {logging_mixin.py:120} INFO - [2023-01-03T23:27:24.178+0000] {dagbag.py:537} INFO - Filling up the DagBag from /home/airflow/.local/lib/python3.7/site-packages/airflow/example_dags/example_subdag_operator.py
[2023-01-03T23:27:24.222+0000] {processor.py:766} INFO - DAG(s) dict_keys(['example_subdag_operator.section-1', 'example_subdag_operator.section-2', 'example_subdag_operator']) retrieved from /home/airflow/.local/lib/python3.7/site-packages/airflow/example_dags/example_subdag_operator.py
[2023-01-03T23:27:24.438+0000] {logging_mixin.py:120} INFO - [2023-01-03T23:27:24.438+0000] {dag.py:2585} INFO - Sync 3 DAGs
[2023-01-03T23:27:24.474+0000] {logging_mixin.py:120} INFO - [2023-01-03T23:27:24.474+0000] {dag.py:3340} INFO - Setting next_dagrun for example_subdag_operator to 2022-01-01T00:00:00+00:00, run_after=2022-01-01T00:00:00+00:00
[2023-01-03T23:27:24.479+0000] {logging_mixin.py:120} INFO - [2023-01-03T23:27:24.479+0000] {dag.py:3340} INFO - Setting next_dagrun for example_subdag_operator.section-1 to None, run_after=None
[2023-01-03T23:27:24.481+0000] {logging_mixin.py:120} INFO - [2023-01-03T23:27:24.481+0000] {dag.py:3340} INFO - Setting next_dagrun for example_subdag_operator.section-2 to None, run_after=None
[2023-01-03T23:27:24.491+0000] {logging_mixin.py:120} INFO - [2023-01-03T23:27:24.491+0000] {dag.py:2585} INFO - Sync 2 DAGs
[2023-01-03T23:27:24.499+0000] {logging_mixin.py:120} INFO - [2023-01-03T23:27:24.499+0000] {dag.py:3340} INFO - Setting next_dagrun for example_subdag_operator.section-1 to None, run_after=None
[2023-01-03T23:27:24.501+0000] {logging_mixin.py:120} INFO - [2023-01-03T23:27:24.500+0000] {dag.py:3340} INFO - Setting next_dagrun for example_subdag_operator.section-2 to None, run_after=None
[2023-01-03T23:27:24.525+0000] {processor.py:176} INFO - Processing /home/airflow/.local/lib/python3.7/site-packages/airflow/example_dags/example_subdag_operator.py took 0.359 seconds
