[2023-01-03T23:26:55.690+0000] {processor.py:154} INFO - Started process (PID=293) to work on /home/airflow/.local/lib/python3.7/site-packages/airflow/example_dags/example_datasets.py
[2023-01-03T23:26:55.692+0000] {processor.py:756} INFO - Processing file /home/airflow/.local/lib/python3.7/site-packages/airflow/example_dags/example_datasets.py for tasks to queue
[2023-01-03T23:26:55.694+0000] {logging_mixin.py:120} INFO - [2023-01-03T23:26:55.693+0000] {dagbag.py:537} INFO - Filling up the DagBag from /home/airflow/.local/lib/python3.7/site-packages/airflow/example_dags/example_datasets.py
[2023-01-03T23:26:55.717+0000] {processor.py:766} INFO - DAG(s) dict_keys(['dataset_produces_1', 'dataset_consumes_1', 'dataset_produces_2', 'dataset_consumes_unknown_never_scheduled', 'dataset_consumes_1_and_2', 'dataset_consumes_1_never_scheduled']) retrieved from /home/airflow/.local/lib/python3.7/site-packages/airflow/example_dags/example_datasets.py
[2023-01-03T23:26:55.762+0000] {logging_mixin.py:120} INFO - [2023-01-03T23:26:55.762+0000] {dag.py:2585} INFO - Sync 6 DAGs
[2023-01-03T23:26:55.805+0000] {logging_mixin.py:120} INFO - [2023-01-03T23:26:55.805+0000] {dag.py:3340} INFO - Setting next_dagrun for dataset_consumes_1 to None, run_after=None
[2023-01-03T23:26:55.812+0000] {logging_mixin.py:120} INFO - [2023-01-03T23:26:55.811+0000] {dag.py:3340} INFO - Setting next_dagrun for dataset_consumes_1_and_2 to None, run_after=None
[2023-01-03T23:26:55.814+0000] {logging_mixin.py:120} INFO - [2023-01-03T23:26:55.814+0000] {dag.py:3340} INFO - Setting next_dagrun for dataset_consumes_1_never_scheduled to None, run_after=None
[2023-01-03T23:26:55.818+0000] {logging_mixin.py:120} INFO - [2023-01-03T23:26:55.817+0000] {dag.py:3340} INFO - Setting next_dagrun for dataset_consumes_unknown_never_scheduled to None, run_after=None
[2023-01-03T23:26:55.822+0000] {logging_mixin.py:120} INFO - [2023-01-03T23:26:55.821+0000] {dag.py:3340} INFO - Setting next_dagrun for dataset_produces_1 to 2023-01-02T00:00:00+00:00, run_after=2023-01-03T00:00:00+00:00
[2023-01-03T23:26:55.825+0000] {logging_mixin.py:120} INFO - [2023-01-03T23:26:55.824+0000] {dag.py:3340} INFO - Setting next_dagrun for dataset_produces_2 to None, run_after=None
[2023-01-03T23:26:55.874+0000] {processor.py:176} INFO - Processing /home/airflow/.local/lib/python3.7/site-packages/airflow/example_dags/example_datasets.py took 0.188 seconds
[2023-01-03T23:27:26.675+0000] {processor.py:154} INFO - Started process (PID=491) to work on /home/airflow/.local/lib/python3.7/site-packages/airflow/example_dags/example_datasets.py
[2023-01-03T23:27:26.677+0000] {processor.py:756} INFO - Processing file /home/airflow/.local/lib/python3.7/site-packages/airflow/example_dags/example_datasets.py for tasks to queue
[2023-01-03T23:27:26.679+0000] {logging_mixin.py:120} INFO - [2023-01-03T23:27:26.678+0000] {dagbag.py:537} INFO - Filling up the DagBag from /home/airflow/.local/lib/python3.7/site-packages/airflow/example_dags/example_datasets.py
[2023-01-03T23:27:26.714+0000] {processor.py:766} INFO - DAG(s) dict_keys(['dataset_consumes_1', 'dataset_produces_1', 'dataset_produces_2', 'dataset_consumes_1_never_scheduled', 'dataset_consumes_unknown_never_scheduled', 'dataset_consumes_1_and_2']) retrieved from /home/airflow/.local/lib/python3.7/site-packages/airflow/example_dags/example_datasets.py
[2023-01-03T23:27:26.886+0000] {logging_mixin.py:120} INFO - [2023-01-03T23:27:26.886+0000] {dag.py:2585} INFO - Sync 6 DAGs
[2023-01-03T23:27:26.931+0000] {logging_mixin.py:120} INFO - [2023-01-03T23:27:26.931+0000] {dag.py:3340} INFO - Setting next_dagrun for dataset_consumes_1 to None, run_after=None
[2023-01-03T23:27:26.936+0000] {logging_mixin.py:120} INFO - [2023-01-03T23:27:26.936+0000] {dag.py:3340} INFO - Setting next_dagrun for dataset_consumes_1_and_2 to None, run_after=None
[2023-01-03T23:27:26.939+0000] {logging_mixin.py:120} INFO - [2023-01-03T23:27:26.938+0000] {dag.py:3340} INFO - Setting next_dagrun for dataset_consumes_1_never_scheduled to None, run_after=None
[2023-01-03T23:27:26.941+0000] {logging_mixin.py:120} INFO - [2023-01-03T23:27:26.941+0000] {dag.py:3340} INFO - Setting next_dagrun for dataset_consumes_unknown_never_scheduled to None, run_after=None
[2023-01-03T23:27:26.946+0000] {logging_mixin.py:120} INFO - [2023-01-03T23:27:26.946+0000] {dag.py:3340} INFO - Setting next_dagrun for dataset_produces_1 to 2023-01-02T00:00:00+00:00, run_after=2023-01-03T00:00:00+00:00
[2023-01-03T23:27:26.949+0000] {logging_mixin.py:120} INFO - [2023-01-03T23:27:26.949+0000] {dag.py:3340} INFO - Setting next_dagrun for dataset_produces_2 to None, run_after=None
[2023-01-03T23:27:26.997+0000] {processor.py:176} INFO - Processing /home/airflow/.local/lib/python3.7/site-packages/airflow/example_dags/example_datasets.py took 0.327 seconds
