[2023-01-03T23:26:54.156+0000] {processor.py:154} INFO - Started process (PID=228) to work on /home/airflow/.local/lib/python3.7/site-packages/airflow/example_dags/example_python_operator.py
[2023-01-03T23:26:54.158+0000] {processor.py:756} INFO - Processing file /home/airflow/.local/lib/python3.7/site-packages/airflow/example_dags/example_python_operator.py for tasks to queue
[2023-01-03T23:26:54.160+0000] {logging_mixin.py:120} INFO - [2023-01-03T23:26:54.160+0000] {dagbag.py:537} INFO - Filling up the DagBag from /home/airflow/.local/lib/python3.7/site-packages/airflow/example_dags/example_python_operator.py
[2023-01-03T23:26:54.186+0000] {logging_mixin.py:120} INFO - [2023-01-03T23:26:54.185+0000] {taskmixin.py:205} WARNING - Dependency <Task(_PythonDecoratedOperator): print_the_context>, log_sql_query already registered for DAG: example_python_operator
[2023-01-03T23:26:54.187+0000] {logging_mixin.py:120} INFO - [2023-01-03T23:26:54.187+0000] {taskmixin.py:205} WARNING - Dependency <Task(_PythonDecoratedOperator): log_sql_query>, print_the_context already registered for DAG: example_python_operator
[2023-01-03T23:26:54.189+0000] {logging_mixin.py:120} INFO - [2023-01-03T23:26:54.189+0000] {taskmixin.py:205} WARNING - Dependency <Task(_PythonDecoratedOperator): print_the_context>, log_sql_query already registered for DAG: example_python_operator
[2023-01-03T23:26:54.190+0000] {logging_mixin.py:120} INFO - [2023-01-03T23:26:54.190+0000] {taskmixin.py:205} WARNING - Dependency <Task(_PythonDecoratedOperator): log_sql_query>, print_the_context already registered for DAG: example_python_operator
[2023-01-03T23:26:54.192+0000] {logging_mixin.py:120} INFO - [2023-01-03T23:26:54.192+0000] {taskmixin.py:205} WARNING - Dependency <Task(_PythonDecoratedOperator): print_the_context>, log_sql_query already registered for DAG: example_python_operator
[2023-01-03T23:26:54.193+0000] {logging_mixin.py:120} INFO - [2023-01-03T23:26:54.193+0000] {taskmixin.py:205} WARNING - Dependency <Task(_PythonDecoratedOperator): log_sql_query>, print_the_context already registered for DAG: example_python_operator
[2023-01-03T23:26:54.203+0000] {logging_mixin.py:120} INFO - [2023-01-03T23:26:54.202+0000] {taskmixin.py:205} WARNING - Dependency <Task(_PythonDecoratedOperator): print_the_context>, log_sql_query already registered for DAG: example_python_operator
[2023-01-03T23:26:54.204+0000] {logging_mixin.py:120} INFO - [2023-01-03T23:26:54.204+0000] {taskmixin.py:205} WARNING - Dependency <Task(_PythonDecoratedOperator): log_sql_query>, print_the_context already registered for DAG: example_python_operator
[2023-01-03T23:26:54.219+0000] {processor.py:766} INFO - DAG(s) dict_keys(['example_python_operator']) retrieved from /home/airflow/.local/lib/python3.7/site-packages/airflow/example_dags/example_python_operator.py
[2023-01-03T23:26:54.266+0000] {logging_mixin.py:120} INFO - [2023-01-03T23:26:54.265+0000] {dag.py:2585} INFO - Sync 1 DAGs
[2023-01-03T23:26:54.309+0000] {logging_mixin.py:120} INFO - [2023-01-03T23:26:54.309+0000] {dag.py:3340} INFO - Setting next_dagrun for example_python_operator to None, run_after=None
[2023-01-03T23:26:54.347+0000] {processor.py:176} INFO - Processing /home/airflow/.local/lib/python3.7/site-packages/airflow/example_dags/example_python_operator.py took 0.195 seconds
[2023-01-03T23:27:25.320+0000] {processor.py:154} INFO - Started process (PID=426) to work on /home/airflow/.local/lib/python3.7/site-packages/airflow/example_dags/example_python_operator.py
[2023-01-03T23:27:25.322+0000] {processor.py:756} INFO - Processing file /home/airflow/.local/lib/python3.7/site-packages/airflow/example_dags/example_python_operator.py for tasks to queue
[2023-01-03T23:27:25.323+0000] {logging_mixin.py:120} INFO - [2023-01-03T23:27:25.323+0000] {dagbag.py:537} INFO - Filling up the DagBag from /home/airflow/.local/lib/python3.7/site-packages/airflow/example_dags/example_python_operator.py
[2023-01-03T23:27:25.342+0000] {logging_mixin.py:120} INFO - [2023-01-03T23:27:25.342+0000] {taskmixin.py:205} WARNING - Dependency <Task(_PythonDecoratedOperator): print_the_context>, log_sql_query already registered for DAG: example_python_operator
[2023-01-03T23:27:25.344+0000] {logging_mixin.py:120} INFO - [2023-01-03T23:27:25.344+0000] {taskmixin.py:205} WARNING - Dependency <Task(_PythonDecoratedOperator): log_sql_query>, print_the_context already registered for DAG: example_python_operator
[2023-01-03T23:27:25.346+0000] {logging_mixin.py:120} INFO - [2023-01-03T23:27:25.346+0000] {taskmixin.py:205} WARNING - Dependency <Task(_PythonDecoratedOperator): print_the_context>, log_sql_query already registered for DAG: example_python_operator
[2023-01-03T23:27:25.347+0000] {logging_mixin.py:120} INFO - [2023-01-03T23:27:25.347+0000] {taskmixin.py:205} WARNING - Dependency <Task(_PythonDecoratedOperator): log_sql_query>, print_the_context already registered for DAG: example_python_operator
[2023-01-03T23:27:25.349+0000] {logging_mixin.py:120} INFO - [2023-01-03T23:27:25.348+0000] {taskmixin.py:205} WARNING - Dependency <Task(_PythonDecoratedOperator): print_the_context>, log_sql_query already registered for DAG: example_python_operator
[2023-01-03T23:27:25.350+0000] {logging_mixin.py:120} INFO - [2023-01-03T23:27:25.349+0000] {taskmixin.py:205} WARNING - Dependency <Task(_PythonDecoratedOperator): log_sql_query>, print_the_context already registered for DAG: example_python_operator
[2023-01-03T23:27:25.351+0000] {logging_mixin.py:120} INFO - [2023-01-03T23:27:25.351+0000] {taskmixin.py:205} WARNING - Dependency <Task(_PythonDecoratedOperator): print_the_context>, log_sql_query already registered for DAG: example_python_operator
[2023-01-03T23:27:25.352+0000] {logging_mixin.py:120} INFO - [2023-01-03T23:27:25.352+0000] {taskmixin.py:205} WARNING - Dependency <Task(_PythonDecoratedOperator): log_sql_query>, print_the_context already registered for DAG: example_python_operator
[2023-01-03T23:27:25.361+0000] {processor.py:766} INFO - DAG(s) dict_keys(['example_python_operator']) retrieved from /home/airflow/.local/lib/python3.7/site-packages/airflow/example_dags/example_python_operator.py
[2023-01-03T23:27:25.416+0000] {logging_mixin.py:120} INFO - [2023-01-03T23:27:25.416+0000] {dag.py:2585} INFO - Sync 1 DAGs
[2023-01-03T23:27:25.448+0000] {logging_mixin.py:120} INFO - [2023-01-03T23:27:25.448+0000] {dag.py:3340} INFO - Setting next_dagrun for example_python_operator to None, run_after=None
[2023-01-03T23:27:25.482+0000] {processor.py:176} INFO - Processing /home/airflow/.local/lib/python3.7/site-packages/airflow/example_dags/example_python_operator.py took 0.167 seconds
