[2023-01-03T23:26:52.682+0000] {manager.py:483} INFO - Processing files using up to 2 processes at a time 
[2023-01-03T23:26:52.686+0000] {manager.py:484} INFO - Process each file at most once every 30 seconds
[2023-01-03T23:26:52.688+0000] {manager.py:486} INFO - Checking for new files in /opt/airflow/dags every 300 seconds
[2023-01-03T23:26:52.691+0000] {manager.py:724} INFO - Searching for files in /opt/airflow/dags
[2023-01-03T23:26:52.708+0000] {manager.py:727} INFO - There are 36 files in /opt/airflow/dags
[2023-01-03T23:26:52.946+0000] {manager.py:846} INFO - 
================================================================================
DAG File Processing Stats

File Path                                                                                                           PID  Runtime      # DAGs    # Errors  Last Runtime    Last Run
----------------------------------------------------------------------------------------------------------------  -----  ---------  --------  ----------  --------------  ----------
/home/airflow/.local/lib/python3.7/site-packages/airflow/example_dags/example_branch_labels.py                      165  0.11s             0           0
/home/airflow/.local/lib/python3.7/site-packages/airflow/example_dags/example_passing_params_via_test_command.py    167  0.10s             0           0
/home/airflow/.local/lib/python3.7/site-packages/airflow/example_dags/example_subdag_operator.py                                           0           0
/home/airflow/.local/lib/python3.7/site-packages/airflow/example_dags/tutorial.py                                                          0           0
/home/airflow/.local/lib/python3.7/site-packages/airflow/example_dags/example_xcom.py                                                      0           0
/home/airflow/.local/lib/python3.7/site-packages/airflow/example_dags/example_kubernetes_executor.py                                       0           0
/home/airflow/.local/lib/python3.7/site-packages/airflow/example_dags/example_external_task_marker_dag.py                                  0           0
/home/airflow/.local/lib/python3.7/site-packages/airflow/example_dags/example_latest_only.py                                               0           0
/home/airflow/.local/lib/python3.7/site-packages/airflow/example_dags/example_time_delta_sensor_async.py                                   0           0
/home/airflow/.local/lib/python3.7/site-packages/airflow/example_dags/example_local_kubernetes_executor.py                                 0           0
/home/airflow/.local/lib/python3.7/site-packages/airflow/example_dags/example_branch_python_dop_operator_3.py                              0           0
/home/airflow/.local/lib/python3.7/site-packages/airflow/example_dags/example_python_operator.py                                           0           0
/home/airflow/.local/lib/python3.7/site-packages/airflow/example_dags/example_branch_datetime_operator.py                                  0           0
/home/airflow/.local/lib/python3.7/site-packages/airflow/example_dags/example_xcomargs.py                                                  0           0
/home/airflow/.local/lib/python3.7/site-packages/airflow/example_dags/example_branch_operator_decorator.py                                 0           0
/home/airflow/.local/lib/python3.7/site-packages/airflow/example_dags/example_latest_only_with_trigger.py                                  0           0
/home/airflow/.local/lib/python3.7/site-packages/airflow/example_dags/example_trigger_controller_dag.py                                    0           0
/home/airflow/.local/lib/python3.7/site-packages/airflow/example_dags/example_task_group.py                                                0           0
/home/airflow/.local/lib/python3.7/site-packages/airflow/example_dags/example_skip_dag.py                                                  0           0
/home/airflow/.local/lib/python3.7/site-packages/airflow/example_dags/example_trigger_target_dag.py                                        0           0
/home/airflow/.local/lib/python3.7/site-packages/airflow/example_dags/tutorial_taskflow_api_virtualenv.py                                  0           0
/home/airflow/.local/lib/python3.7/site-packages/airflow/example_dags/tutorial_taskflow_api.py                                             0           0
/home/airflow/.local/lib/python3.7/site-packages/airflow/example_dags/example_bash_operator.py                                             0           0
/home/airflow/.local/lib/python3.7/site-packages/airflow/example_dags/example_task_group_decorator.py                                      0           0
/home/airflow/.local/lib/python3.7/site-packages/airflow/example_dags/example_datasets.py                                                  0           0
/home/airflow/.local/lib/python3.7/site-packages/airflow/example_dags/example_dag_decorator.py                                             0           0
/home/airflow/.local/lib/python3.7/site-packages/airflow/example_dags/tutorial_dag.py                                                      0           0
/home/airflow/.local/lib/python3.7/site-packages/airflow/example_dags/example_branch_day_of_week_operator.py                               0           0
/home/airflow/.local/lib/python3.7/site-packages/airflow/example_dags/example_short_circuit_decorator.py                                   0           0
/home/airflow/.local/lib/python3.7/site-packages/airflow/example_dags/example_short_circuit_operator.py                                    0           0
/home/airflow/.local/lib/python3.7/site-packages/airflow/example_dags/example_complex.py                                                   0           0
/home/airflow/.local/lib/python3.7/site-packages/airflow/example_dags/example_nested_branch_dag.py                                         0           0
/home/airflow/.local/lib/python3.7/site-packages/airflow/example_dags/example_branch_operator.py                                           0           0
/home/airflow/.local/lib/python3.7/site-packages/airflow/example_dags/example_sla_dag.py                                                   0           0
/home/airflow/.local/lib/python3.7/site-packages/airflow/example_dags/subdags/subdag.py                                                    0           0
/home/airflow/.local/lib/python3.7/site-packages/airflow/example_dags/plugins/workday.py                                                   0           0
================================================================================
[2023-01-03T23:27:22.940+0000] {manager.py:846} INFO - 
================================================================================
DAG File Processing Stats

File Path                                                                                                         PID    Runtime      # DAGs    # Errors  Last Runtime    Last Run
----------------------------------------------------------------------------------------------------------------  -----  ---------  --------  ----------  --------------  -------------------
/home/airflow/.local/lib/python3.7/site-packages/airflow/example_dags/subdags/subdag.py                                                    0           0  0.07s           2023-01-03T23:26:56
/home/airflow/.local/lib/python3.7/site-packages/airflow/example_dags/plugins/workday.py                                                   0           0  0.06s           2023-01-03T23:26:56
/home/airflow/.local/lib/python3.7/site-packages/airflow/example_dags/example_branch_labels.py                                             1           0  0.38s           2023-01-03T23:26:53
/home/airflow/.local/lib/python3.7/site-packages/airflow/example_dags/example_passing_params_via_test_command.py                           1           0  0.38s           2023-01-03T23:26:53
/home/airflow/.local/lib/python3.7/site-packages/airflow/example_dags/tutorial.py                                                          1           0  0.15s           2023-01-03T23:26:53
/home/airflow/.local/lib/python3.7/site-packages/airflow/example_dags/example_xcom.py                                                      1           0  0.20s           2023-01-03T23:26:53
/home/airflow/.local/lib/python3.7/site-packages/airflow/example_dags/example_kubernetes_executor.py                                       1           0  0.25s           2023-01-03T23:26:53
/home/airflow/.local/lib/python3.7/site-packages/airflow/example_dags/example_latest_only.py                                               1           0  0.20s           2023-01-03T23:26:53
/home/airflow/.local/lib/python3.7/site-packages/airflow/example_dags/example_time_delta_sensor_async.py                                   1           0  0.20s           2023-01-03T23:26:54
/home/airflow/.local/lib/python3.7/site-packages/airflow/example_dags/example_local_kubernetes_executor.py                                 1           0  0.23s           2023-01-03T23:26:54
/home/airflow/.local/lib/python3.7/site-packages/airflow/example_dags/example_branch_python_dop_operator_3.py                              1           0  0.21s           2023-01-03T23:26:54
/home/airflow/.local/lib/python3.7/site-packages/airflow/example_dags/example_python_operator.py                                           1           0  0.23s           2023-01-03T23:26:54
/home/airflow/.local/lib/python3.7/site-packages/airflow/example_dags/example_branch_operator_decorator.py                                 1           0  0.25s           2023-01-03T23:26:54
/home/airflow/.local/lib/python3.7/site-packages/airflow/example_dags/example_latest_only_with_trigger.py                                  1           0  0.23s           2023-01-03T23:26:54
/home/airflow/.local/lib/python3.7/site-packages/airflow/example_dags/example_trigger_controller_dag.py                                    1           0  0.23s           2023-01-03T23:26:55
/home/airflow/.local/lib/python3.7/site-packages/airflow/example_dags/example_task_group.py                                                1           0  0.24s           2023-01-03T23:26:55
/home/airflow/.local/lib/python3.7/site-packages/airflow/example_dags/example_skip_dag.py                                                  1           0  0.20s           2023-01-03T23:26:55
/home/airflow/.local/lib/python3.7/site-packages/airflow/example_dags/example_trigger_target_dag.py                                        1           0  0.21s           2023-01-03T23:26:55
/home/airflow/.local/lib/python3.7/site-packages/airflow/example_dags/tutorial_taskflow_api_virtualenv.py                                  1           0  0.22s           2023-01-03T23:26:55
/home/airflow/.local/lib/python3.7/site-packages/airflow/example_dags/tutorial_taskflow_api.py                                             1           0  0.20s           2023-01-03T23:26:55
/home/airflow/.local/lib/python3.7/site-packages/airflow/example_dags/example_bash_operator.py                                             1           0  0.21s           2023-01-03T23:26:55
/home/airflow/.local/lib/python3.7/site-packages/airflow/example_dags/example_task_group_decorator.py                                      1           0  0.20s           2023-01-03T23:26:55
/home/airflow/.local/lib/python3.7/site-packages/airflow/example_dags/example_dag_decorator.py                                             1           0  0.19s           2023-01-03T23:26:55
/home/airflow/.local/lib/python3.7/site-packages/airflow/example_dags/tutorial_dag.py                                                      1           0  0.18s           2023-01-03T23:26:56
/home/airflow/.local/lib/python3.7/site-packages/airflow/example_dags/example_branch_day_of_week_operator.py                               1           0  0.18s           2023-01-03T23:26:56
/home/airflow/.local/lib/python3.7/site-packages/airflow/example_dags/example_short_circuit_decorator.py                                   1           0  0.18s           2023-01-03T23:26:56
/home/airflow/.local/lib/python3.7/site-packages/airflow/example_dags/example_short_circuit_operator.py                                    1           0  0.17s           2023-01-03T23:26:56
/home/airflow/.local/lib/python3.7/site-packages/airflow/example_dags/example_complex.py                                                   1           0  0.17s           2023-01-03T23:26:56
/home/airflow/.local/lib/python3.7/site-packages/airflow/example_dags/example_nested_branch_dag.py                                         1           0  0.17s           2023-01-03T23:26:56
/home/airflow/.local/lib/python3.7/site-packages/airflow/example_dags/example_branch_operator.py                                           1           0  0.16s           2023-01-03T23:26:56
/home/airflow/.local/lib/python3.7/site-packages/airflow/example_dags/example_sla_dag.py                                                   1           0  0.19s           2023-01-03T23:26:56
/home/airflow/.local/lib/python3.7/site-packages/airflow/example_dags/example_external_task_marker_dag.py                                  2           0  0.25s           2023-01-03T23:26:53
/home/airflow/.local/lib/python3.7/site-packages/airflow/example_dags/example_xcomargs.py                                                  2           0  0.27s           2023-01-03T23:26:54
/home/airflow/.local/lib/python3.7/site-packages/airflow/example_dags/example_subdag_operator.py                                           3           0  0.24s           2023-01-03T23:26:53
/home/airflow/.local/lib/python3.7/site-packages/airflow/example_dags/example_branch_datetime_operator.py                                  3           0  0.27s           2023-01-03T23:26:54
/home/airflow/.local/lib/python3.7/site-packages/airflow/example_dags/example_datasets.py                                                  6           0  0.22s           2023-01-03T23:26:55
================================================================================
[2023-01-03T23:27:28.393+0000] {manager.py:465} INFO - Exiting gracefully upon receiving signal 15
[2023-01-03T23:27:28.393+0000] {manager.py:465} INFO - Exiting gracefully upon receiving signal 15
[2023-01-03T23:27:28.394+0000] {manager.py:465} INFO - Exiting gracefully upon receiving signal 15
[2023-01-03T23:27:28.846+0000] {manager.py:465} INFO - Exiting gracefully upon receiving signal 15
[2023-01-03T23:27:28.887+0000] {manager.py:465} INFO - Exiting gracefully upon receiving signal 15
[2023-01-03T23:27:29.241+0000] {manager.py:465} INFO - Exiting gracefully upon receiving signal 15
[2023-01-04T20:58:29.387+0000] {manager.py:483} INFO - Processing files using up to 2 processes at a time 
[2023-01-04T20:58:29.390+0000] {manager.py:484} INFO - Process each file at most once every 30 seconds
[2023-01-04T20:58:29.391+0000] {manager.py:486} INFO - Checking for new files in /opt/airflow/dags every 300 seconds
[2023-01-04T20:58:29.394+0000] {manager.py:726} INFO - Searching for files in /opt/airflow/dags
[2023-01-04T20:58:29.398+0000] {manager.py:729} INFO - There are 0 files in /opt/airflow/dags
[2023-01-04T21:03:29.951+0000] {manager.py:726} INFO - Searching for files in /opt/airflow/dags
[2023-01-04T21:03:29.959+0000] {manager.py:729} INFO - There are 0 files in /opt/airflow/dags
[2023-01-04T21:08:30.394+0000] {manager.py:726} INFO - Searching for files in /opt/airflow/dags
[2023-01-04T21:08:30.414+0000] {manager.py:729} INFO - There are 0 files in /opt/airflow/dags
[2023-01-04T21:13:30.905+0000] {manager.py:726} INFO - Searching for files in /opt/airflow/dags
[2023-01-04T21:13:30.912+0000] {manager.py:729} INFO - There are 0 files in /opt/airflow/dags
[2023-01-04T21:18:31.556+0000] {manager.py:726} INFO - Searching for files in /opt/airflow/dags
[2023-01-04T21:18:31.567+0000] {manager.py:729} INFO - There are 0 files in /opt/airflow/dags
[2023-01-04T21:23:32.004+0000] {manager.py:726} INFO - Searching for files in /opt/airflow/dags
[2023-01-04T21:23:32.011+0000] {manager.py:729} INFO - There are 0 files in /opt/airflow/dags
[2023-01-04T21:28:32.340+0000] {manager.py:726} INFO - Searching for files in /opt/airflow/dags
[2023-01-04T21:28:32.350+0000] {manager.py:729} INFO - There are 0 files in /opt/airflow/dags
[2023-01-04T21:33:32.970+0000] {manager.py:726} INFO - Searching for files in /opt/airflow/dags
[2023-01-04T21:33:32.982+0000] {manager.py:729} INFO - There are 0 files in /opt/airflow/dags
[2023-01-04T21:38:33.504+0000] {manager.py:726} INFO - Searching for files in /opt/airflow/dags
[2023-01-04T21:38:33.513+0000] {manager.py:729} INFO - There are 0 files in /opt/airflow/dags
[2023-01-04T21:43:33.916+0000] {manager.py:726} INFO - Searching for files in /opt/airflow/dags
[2023-01-04T21:43:33.922+0000] {manager.py:729} INFO - There are 0 files in /opt/airflow/dags
[2023-01-04T21:48:34.395+0000] {manager.py:726} INFO - Searching for files in /opt/airflow/dags
[2023-01-04T21:48:34.404+0000] {manager.py:729} INFO - There are 0 files in /opt/airflow/dags
[2023-01-04T21:53:34.705+0000] {manager.py:726} INFO - Searching for files in /opt/airflow/dags
[2023-01-04T21:53:34.711+0000] {manager.py:729} INFO - There are 0 files in /opt/airflow/dags
[2023-01-04T21:58:35.092+0000] {manager.py:726} INFO - Searching for files in /opt/airflow/dags
[2023-01-04T21:58:35.101+0000] {manager.py:729} INFO - There are 0 files in /opt/airflow/dags
[2023-01-04T22:03:35.888+0000] {manager.py:726} INFO - Searching for files in /opt/airflow/dags
[2023-01-04T22:03:35.897+0000] {manager.py:729} INFO - There are 0 files in /opt/airflow/dags
[2023-01-04T22:08:36.779+0000] {manager.py:726} INFO - Searching for files in /opt/airflow/dags
[2023-01-04T22:08:36.786+0000] {manager.py:729} INFO - There are 0 files in /opt/airflow/dags
[2023-01-04T22:13:37.298+0000] {manager.py:726} INFO - Searching for files in /opt/airflow/dags
[2023-01-04T22:13:37.306+0000] {manager.py:729} INFO - There are 0 files in /opt/airflow/dags
[2023-01-04T22:18:37.652+0000] {manager.py:726} INFO - Searching for files in /opt/airflow/dags
[2023-01-04T22:18:37.661+0000] {manager.py:729} INFO - There are 0 files in /opt/airflow/dags
[2023-01-04T22:23:38.017+0000] {manager.py:726} INFO - Searching for files in /opt/airflow/dags
[2023-01-04T22:23:38.024+0000] {manager.py:729} INFO - There are 0 files in /opt/airflow/dags
[2023-01-04T22:28:38.316+0000] {manager.py:726} INFO - Searching for files in /opt/airflow/dags
[2023-01-04T22:28:38.323+0000] {manager.py:729} INFO - There are 0 files in /opt/airflow/dags
[2023-01-04T22:33:38.651+0000] {manager.py:726} INFO - Searching for files in /opt/airflow/dags
[2023-01-04T22:33:38.659+0000] {manager.py:729} INFO - There are 0 files in /opt/airflow/dags
[2023-01-04T22:38:39.156+0000] {manager.py:726} INFO - Searching for files in /opt/airflow/dags
[2023-01-04T22:38:39.163+0000] {manager.py:729} INFO - There are 0 files in /opt/airflow/dags
[2023-01-04T22:43:39.471+0000] {manager.py:726} INFO - Searching for files in /opt/airflow/dags
[2023-01-04T22:43:39.476+0000] {manager.py:729} INFO - There are 0 files in /opt/airflow/dags
[2023-01-04T22:53:30.053+0000] {manager.py:726} INFO - Searching for files in /opt/airflow/dags
[2023-01-04T22:53:30.170+0000] {manager.py:729} INFO - There are 0 files in /opt/airflow/dags
[2023-01-05T00:46:42.634+0000] {manager.py:726} INFO - Searching for files in /opt/airflow/dags
[2023-01-05T00:46:42.654+0000] {manager.py:729} INFO - There are 0 files in /opt/airflow/dags
[2023-01-05T02:46:54.911+0000] {manager.py:726} INFO - Searching for files in /opt/airflow/dags
[2023-01-05T02:46:55.157+0000] {manager.py:729} INFO - There are 0 files in /opt/airflow/dags
[2023-01-05T04:47:20.680+0000] {manager.py:726} INFO - Searching for files in /opt/airflow/dags
[2023-01-05T04:47:20.748+0000] {manager.py:729} INFO - There are 0 files in /opt/airflow/dags
[2023-01-05T06:48:20.650+0000] {manager.py:726} INFO - Searching for files in /opt/airflow/dags
[2023-01-05T06:48:20.667+0000] {manager.py:729} INFO - There are 0 files in /opt/airflow/dags
[2023-01-05T08:37:58.341+0000] {manager.py:726} INFO - Searching for files in /opt/airflow/dags
[2023-01-05T08:37:58.364+0000] {manager.py:729} INFO - There are 0 files in /opt/airflow/dags
[2023-01-05T09:00:01.723+0000] {manager.py:726} INFO - Searching for files in /opt/airflow/dags
[2023-01-05T09:00:01.827+0000] {manager.py:729} INFO - There are 0 files in /opt/airflow/dags
[2023-01-05T11:00:17.677+0000] {manager.py:726} INFO - Searching for files in /opt/airflow/dags
[2023-01-05T11:00:17.706+0000] {manager.py:729} INFO - There are 0 files in /opt/airflow/dags
[2023-01-05T13:01:05.126+0000] {manager.py:726} INFO - Searching for files in /opt/airflow/dags
[2023-01-05T13:01:05.189+0000] {manager.py:729} INFO - There are 0 files in /opt/airflow/dags
[2023-01-05T15:01:36.555+0000] {manager.py:726} INFO - Searching for files in /opt/airflow/dags
[2023-01-05T15:01:36.612+0000] {manager.py:729} INFO - There are 0 files in /opt/airflow/dags
[2023-01-05T16:55:49.287+0000] {manager.py:726} INFO - Searching for files in /opt/airflow/dags
[2023-01-05T16:55:50.757+0000] {manager.py:729} INFO - There are 0 files in /opt/airflow/dags
[2023-01-05T17:00:49.357+0000] {manager.py:726} INFO - Searching for files in /opt/airflow/dags
[2023-01-05T17:00:49.447+0000] {manager.py:729} INFO - There are 0 files in /opt/airflow/dags
[2023-01-05T17:20:44.286+0000] {manager.py:726} INFO - Searching for files in /opt/airflow/dags
[2023-01-05T17:20:44.293+0000] {manager.py:729} INFO - There are 0 files in /opt/airflow/dags
[2023-01-05T17:36:54.921+0000] {manager.py:726} INFO - Searching for files in /opt/airflow/dags
[2023-01-05T17:36:54.997+0000] {manager.py:729} INFO - There are 0 files in /opt/airflow/dags
[2023-01-05T17:54:19.935+0000] {manager.py:726} INFO - Searching for files in /opt/airflow/dags
[2023-01-05T17:54:19.953+0000] {manager.py:729} INFO - There are 0 files in /opt/airflow/dags
[2023-01-05T17:54:20.101+0000] {manager.py:465} INFO - Exiting gracefully upon receiving signal 15
[2023-01-05T17:54:21.893+0000] {manager.py:483} INFO - Processing files using up to 2 processes at a time 
[2023-01-05T17:54:21.900+0000] {manager.py:484} INFO - Process each file at most once every 30 seconds
[2023-01-05T17:54:21.902+0000] {manager.py:486} INFO - Checking for new files in /opt/airflow/dags every 300 seconds
[2023-01-05T17:54:21.904+0000] {manager.py:726} INFO - Searching for files in /opt/airflow/dags
[2023-01-05T17:54:21.908+0000] {manager.py:729} INFO - There are 0 files in /opt/airflow/dags
[2023-01-05T18:10:32.200+0000] {manager.py:726} INFO - Searching for files in /opt/airflow/dags
[2023-01-05T18:10:32.223+0000] {manager.py:729} INFO - There are 0 files in /opt/airflow/dags
[2023-01-05T18:37:52.762+0000] {manager.py:726} INFO - Searching for files in /opt/airflow/dags
[2023-01-05T18:37:53.256+0000] {manager.py:729} INFO - There are 0 files in /opt/airflow/dags
[2023-01-05T18:53:45.895+0000] {manager.py:726} INFO - Searching for files in /opt/airflow/dags
[2023-01-05T18:53:46.048+0000] {manager.py:729} INFO - There are 0 files in /opt/airflow/dags
[2023-01-05T19:11:17.168+0000] {manager.py:726} INFO - Searching for files in /opt/airflow/dags
[2023-01-05T19:11:17.672+0000] {manager.py:729} INFO - There are 0 files in /opt/airflow/dags
[2023-01-05T19:29:19.473+0000] {manager.py:726} INFO - Searching for files in /opt/airflow/dags
[2023-01-05T19:29:20.171+0000] {manager.py:729} INFO - There are 0 files in /opt/airflow/dags
[2023-01-05T19:47:11.237+0000] {manager.py:726} INFO - Searching for files in /opt/airflow/dags
[2023-01-05T19:47:12.137+0000] {manager.py:729} INFO - There are 0 files in /opt/airflow/dags
[2023-01-05T20:03:07.138+0000] {manager.py:726} INFO - Searching for files in /opt/airflow/dags
[2023-01-05T20:03:07.162+0000] {manager.py:729} INFO - There are 0 files in /opt/airflow/dags
[2023-01-05T20:03:07.190+0000] {manager.py:465} INFO - Exiting gracefully upon receiving signal 15
[2023-01-05T20:03:08.180+0000] {manager.py:483} INFO - Processing files using up to 2 processes at a time 
[2023-01-05T20:03:08.184+0000] {manager.py:484} INFO - Process each file at most once every 30 seconds
[2023-01-05T20:03:08.190+0000] {manager.py:486} INFO - Checking for new files in /opt/airflow/dags every 300 seconds
[2023-01-05T20:03:08.193+0000] {manager.py:726} INFO - Searching for files in /opt/airflow/dags
[2023-01-05T20:03:08.201+0000] {manager.py:729} INFO - There are 0 files in /opt/airflow/dags
[2023-01-05T20:22:31.451+0000] {manager.py:726} INFO - Searching for files in /opt/airflow/dags
[2023-01-05T20:22:32.166+0000] {manager.py:729} INFO - There are 0 files in /opt/airflow/dags
[2023-01-05T20:37:43.411+0000] {manager.py:726} INFO - Searching for files in /opt/airflow/dags
[2023-01-05T20:37:43.425+0000] {manager.py:729} INFO - There are 0 files in /opt/airflow/dags
[2023-01-05T20:42:43.435+0000] {manager.py:726} INFO - Searching for files in /opt/airflow/dags
[2023-01-05T20:42:43.443+0000] {manager.py:729} INFO - There are 0 files in /opt/airflow/dags
[2023-01-05T20:47:43.891+0000] {manager.py:726} INFO - Searching for files in /opt/airflow/dags
[2023-01-05T20:47:43.900+0000] {manager.py:729} INFO - There are 0 files in /opt/airflow/dags
[2023-01-05T20:52:44.390+0000] {manager.py:726} INFO - Searching for files in /opt/airflow/dags
[2023-01-05T20:52:44.398+0000] {manager.py:729} INFO - There are 0 files in /opt/airflow/dags
[2023-01-05T20:57:45.227+0000] {manager.py:726} INFO - Searching for files in /opt/airflow/dags
[2023-01-05T20:57:45.235+0000] {manager.py:729} INFO - There are 0 files in /opt/airflow/dags
[2023-01-05T21:02:45.903+0000] {manager.py:726} INFO - Searching for files in /opt/airflow/dags
[2023-01-05T21:02:45.911+0000] {manager.py:729} INFO - There are 0 files in /opt/airflow/dags
[2023-01-05T21:07:46.539+0000] {manager.py:726} INFO - Searching for files in /opt/airflow/dags
[2023-01-05T21:07:46.543+0000] {manager.py:729} INFO - There are 0 files in /opt/airflow/dags
[2023-01-05T21:12:46.923+0000] {manager.py:726} INFO - Searching for files in /opt/airflow/dags
[2023-01-05T21:12:46.931+0000] {manager.py:729} INFO - There are 0 files in /opt/airflow/dags
[2023-01-05T21:17:47.216+0000] {manager.py:726} INFO - Searching for files in /opt/airflow/dags
[2023-01-05T21:17:47.223+0000] {manager.py:729} INFO - There are 0 files in /opt/airflow/dags
[2023-01-05T21:22:48.055+0000] {manager.py:726} INFO - Searching for files in /opt/airflow/dags
[2023-01-05T21:22:48.063+0000] {manager.py:729} INFO - There are 0 files in /opt/airflow/dags
[2023-01-05T21:27:48.558+0000] {manager.py:726} INFO - Searching for files in /opt/airflow/dags
[2023-01-05T21:27:48.564+0000] {manager.py:729} INFO - There are 0 files in /opt/airflow/dags
[2023-01-05T21:32:48.892+0000] {manager.py:726} INFO - Searching for files in /opt/airflow/dags
[2023-01-05T21:32:48.898+0000] {manager.py:729} INFO - There are 0 files in /opt/airflow/dags
[2023-01-05T21:37:49.418+0000] {manager.py:726} INFO - Searching for files in /opt/airflow/dags
[2023-01-05T21:37:49.425+0000] {manager.py:729} INFO - There are 0 files in /opt/airflow/dags
[2023-01-05T21:42:50.395+0000] {manager.py:726} INFO - Searching for files in /opt/airflow/dags
[2023-01-05T21:42:50.402+0000] {manager.py:729} INFO - There are 0 files in /opt/airflow/dags
[2023-01-05T21:47:50.655+0000] {manager.py:726} INFO - Searching for files in /opt/airflow/dags
[2023-01-05T21:47:50.661+0000] {manager.py:729} INFO - There are 0 files in /opt/airflow/dags
[2023-01-05T21:52:50.984+0000] {manager.py:726} INFO - Searching for files in /opt/airflow/dags
[2023-01-05T21:52:50.991+0000] {manager.py:729} INFO - There are 0 files in /opt/airflow/dags
[2023-01-05T21:57:51.430+0000] {manager.py:726} INFO - Searching for files in /opt/airflow/dags
[2023-01-05T21:57:51.438+0000] {manager.py:729} INFO - There are 0 files in /opt/airflow/dags
[2023-01-05T22:02:51.699+0000] {manager.py:726} INFO - Searching for files in /opt/airflow/dags
[2023-01-05T22:02:51.703+0000] {manager.py:729} INFO - There are 0 files in /opt/airflow/dags
[2023-01-05T22:07:52.145+0000] {manager.py:726} INFO - Searching for files in /opt/airflow/dags
[2023-01-05T22:07:52.151+0000] {manager.py:729} INFO - There are 0 files in /opt/airflow/dags
[2023-01-05T22:12:52.591+0000] {manager.py:726} INFO - Searching for files in /opt/airflow/dags
[2023-01-05T22:12:52.597+0000] {manager.py:729} INFO - There are 0 files in /opt/airflow/dags
[2023-01-05T22:17:52.997+0000] {manager.py:726} INFO - Searching for files in /opt/airflow/dags
[2023-01-05T22:17:53.008+0000] {manager.py:729} INFO - There are 0 files in /opt/airflow/dags
[2023-01-05T22:22:53.491+0000] {manager.py:726} INFO - Searching for files in /opt/airflow/dags
[2023-01-05T22:22:53.494+0000] {manager.py:729} INFO - There are 0 files in /opt/airflow/dags
[2023-01-05T22:27:54.012+0000] {manager.py:726} INFO - Searching for files in /opt/airflow/dags
[2023-01-05T22:27:54.021+0000] {manager.py:729} INFO - There are 0 files in /opt/airflow/dags
[2023-01-05T22:32:54.881+0000] {manager.py:726} INFO - Searching for files in /opt/airflow/dags
[2023-01-05T22:32:54.892+0000] {manager.py:729} INFO - There are 0 files in /opt/airflow/dags
[2023-01-05T22:37:55.807+0000] {manager.py:726} INFO - Searching for files in /opt/airflow/dags
[2023-01-05T22:37:55.814+0000] {manager.py:729} INFO - There are 0 files in /opt/airflow/dags
[2023-01-06T00:38:06.181+0000] {manager.py:726} INFO - Searching for files in /opt/airflow/dags
[2023-01-06T00:38:00.975+0000] {manager.py:729} INFO - There are 0 files in /opt/airflow/dags
[2023-01-06T00:38:01.828+0000] {manager.py:483} INFO - Processing files using up to 2 processes at a time 
[2023-01-06T00:38:01.831+0000] {manager.py:484} INFO - Process each file at most once every 30 seconds
[2023-01-06T00:38:01.834+0000] {manager.py:486} INFO - Checking for new files in /opt/airflow/dags every 300 seconds
[2023-01-06T00:38:01.838+0000] {manager.py:726} INFO - Searching for files in /opt/airflow/dags
[2023-01-06T00:38:01.846+0000] {manager.py:729} INFO - There are 0 files in /opt/airflow/dags
[2023-01-06T02:38:49.476+0000] {manager.py:726} INFO - Searching for files in /opt/airflow/dags
[2023-01-06T02:38:49.618+0000] {manager.py:729} INFO - There are 0 files in /opt/airflow/dags
[2023-01-06T04:39:50.097+0000] {manager.py:726} INFO - Searching for files in /opt/airflow/dags
[2023-01-06T04:39:50.113+0000] {manager.py:729} INFO - There are 0 files in /opt/airflow/dags
[2023-01-06T06:40:49.039+0000] {manager.py:726} INFO - Searching for files in /opt/airflow/dags
[2023-01-06T06:40:49.053+0000] {manager.py:729} INFO - There are 0 files in /opt/airflow/dags
[2023-01-06T08:27:44.375+0000] {manager.py:726} INFO - Searching for files in /opt/airflow/dags
[2023-01-06T08:27:44.809+0000] {manager.py:729} INFO - There are 0 files in /opt/airflow/dags
[2023-01-06T09:00:02.635+0000] {manager.py:465} INFO - Exiting gracefully upon receiving signal 15
[2023-01-06T09:00:03.773+0000] {manager.py:483} INFO - Processing files using up to 2 processes at a time 
[2023-01-06T09:00:03.777+0000] {manager.py:484} INFO - Process each file at most once every 30 seconds
[2023-01-06T09:00:03.779+0000] {manager.py:486} INFO - Checking for new files in /opt/airflow/dags every 300 seconds
[2023-01-06T09:00:03.781+0000] {manager.py:726} INFO - Searching for files in /opt/airflow/dags
[2023-01-06T09:00:03.786+0000] {manager.py:729} INFO - There are 0 files in /opt/airflow/dags
[2023-01-06T11:00:56.027+0000] {manager.py:726} INFO - Searching for files in /opt/airflow/dags
[2023-01-06T11:00:51.250+0000] {manager.py:729} INFO - There are 0 files in /opt/airflow/dags
[2023-01-06T13:01:41.614+0000] {manager.py:726} INFO - Searching for files in /opt/airflow/dags
[2023-01-06T13:01:41.619+0000] {manager.py:729} INFO - There are 0 files in /opt/airflow/dags
[2023-01-06T14:12:49.130+0000] {manager.py:726} INFO - Searching for files in /opt/airflow/dags
[2023-01-06T14:12:49.770+0000] {manager.py:729} INFO - There are 0 files in /opt/airflow/dags
[2023-01-06T14:17:49.550+0000] {manager.py:726} INFO - Searching for files in /opt/airflow/dags
[2023-01-06T14:17:49.554+0000] {manager.py:729} INFO - There are 0 files in /opt/airflow/dags
[2023-01-06T14:22:50.281+0000] {manager.py:726} INFO - Searching for files in /opt/airflow/dags
[2023-01-06T14:22:50.288+0000] {manager.py:729} INFO - There are 0 files in /opt/airflow/dags
[2023-01-06T14:27:51.184+0000] {manager.py:726} INFO - Searching for files in /opt/airflow/dags
[2023-01-06T14:27:51.191+0000] {manager.py:729} INFO - There are 0 files in /opt/airflow/dags
[2023-01-06T15:54:38.210+0000] {manager.py:726} INFO - Searching for files in /opt/airflow/dags
[2023-01-06T15:54:38.220+0000] {manager.py:729} INFO - There are 0 files in /opt/airflow/dags
[2023-01-06T17:00:02.012+0000] {manager.py:726} INFO - Searching for files in /opt/airflow/dags
[2023-01-06T17:00:02.023+0000] {manager.py:729} INFO - There are 0 files in /opt/airflow/dags
[2023-01-06T18:43:36.840+0000] {manager.py:726} INFO - Searching for files in /opt/airflow/dags
[2023-01-06T18:43:36.899+0000] {manager.py:729} INFO - There are 0 files in /opt/airflow/dags
[2023-01-06T18:50:32.713+0000] {manager.py:726} INFO - Searching for files in /opt/airflow/dags
[2023-01-06T18:50:33.010+0000] {manager.py:729} INFO - There are 0 files in /opt/airflow/dags
[2023-01-06T19:07:19.585+0000] {manager.py:726} INFO - Searching for files in /opt/airflow/dags
[2023-01-06T19:07:19.608+0000] {manager.py:729} INFO - There are 0 files in /opt/airflow/dags
[2023-01-06T19:12:19.603+0000] {manager.py:726} INFO - Searching for files in /opt/airflow/dags
[2023-01-06T19:12:19.687+0000] {manager.py:729} INFO - There are 0 files in /opt/airflow/dags
[2023-01-06T19:18:21.861+0000] {manager.py:726} INFO - Searching for files in /opt/airflow/dags
[2023-01-06T19:18:21.875+0000] {manager.py:729} INFO - There are 0 files in /opt/airflow/dags
[2023-01-06T19:23:22.615+0000] {manager.py:726} INFO - Searching for files in /opt/airflow/dags
[2023-01-06T19:23:22.622+0000] {manager.py:729} INFO - There are 0 files in /opt/airflow/dags
[2023-01-06T19:28:23.037+0000] {manager.py:726} INFO - Searching for files in /opt/airflow/dags
[2023-01-06T19:28:23.042+0000] {manager.py:729} INFO - There are 0 files in /opt/airflow/dags
[2023-01-06T19:33:23.702+0000] {manager.py:726} INFO - Searching for files in /opt/airflow/dags
[2023-01-06T19:33:23.711+0000] {manager.py:729} INFO - There are 0 files in /opt/airflow/dags
[2023-01-06T19:38:24.362+0000] {manager.py:726} INFO - Searching for files in /opt/airflow/dags
[2023-01-06T19:38:24.369+0000] {manager.py:729} INFO - There are 0 files in /opt/airflow/dags
[2023-01-06T19:43:25.364+0000] {manager.py:726} INFO - Searching for files in /opt/airflow/dags
[2023-01-06T19:43:25.372+0000] {manager.py:729} INFO - There are 0 files in /opt/airflow/dags
[2023-01-06T19:48:26.115+0000] {manager.py:726} INFO - Searching for files in /opt/airflow/dags
[2023-01-06T19:48:26.122+0000] {manager.py:729} INFO - There are 0 files in /opt/airflow/dags
[2023-01-06T19:53:26.487+0000] {manager.py:726} INFO - Searching for files in /opt/airflow/dags
[2023-01-06T19:53:26.495+0000] {manager.py:729} INFO - There are 0 files in /opt/airflow/dags
[2023-01-06T19:58:26.644+0000] {manager.py:726} INFO - Searching for files in /opt/airflow/dags
[2023-01-06T19:58:26.653+0000] {manager.py:729} INFO - There are 0 files in /opt/airflow/dags
[2023-01-06T20:03:26.935+0000] {manager.py:726} INFO - Searching for files in /opt/airflow/dags
[2023-01-06T20:03:26.943+0000] {manager.py:729} INFO - There are 0 files in /opt/airflow/dags
[2023-01-06T20:08:27.606+0000] {manager.py:726} INFO - Searching for files in /opt/airflow/dags
[2023-01-06T20:08:27.613+0000] {manager.py:729} INFO - There are 0 files in /opt/airflow/dags
[2023-01-06T20:13:28.365+0000] {manager.py:726} INFO - Searching for files in /opt/airflow/dags
[2023-01-06T20:13:28.373+0000] {manager.py:729} INFO - There are 0 files in /opt/airflow/dags
[2023-01-06T20:18:29.222+0000] {manager.py:726} INFO - Searching for files in /opt/airflow/dags
[2023-01-06T20:18:29.230+0000] {manager.py:729} INFO - There are 0 files in /opt/airflow/dags
[2023-01-06T20:23:29.293+0000] {manager.py:726} INFO - Searching for files in /opt/airflow/dags
[2023-01-06T20:23:29.300+0000] {manager.py:729} INFO - There are 0 files in /opt/airflow/dags
[2023-01-06T20:38:13.922+0000] {manager.py:726} INFO - Searching for files in /opt/airflow/dags
[2023-01-06T20:38:13.939+0000] {manager.py:729} INFO - There are 0 files in /opt/airflow/dags
[2023-01-06T20:43:14.446+0000] {manager.py:726} INFO - Searching for files in /opt/airflow/dags
[2023-01-06T20:43:14.452+0000] {manager.py:729} INFO - There are 0 files in /opt/airflow/dags
[2023-01-06T20:48:15.016+0000] {manager.py:726} INFO - Searching for files in /opt/airflow/dags
[2023-01-06T20:48:15.019+0000] {manager.py:729} INFO - There are 0 files in /opt/airflow/dags
[2023-01-06T20:53:15.399+0000] {manager.py:726} INFO - Searching for files in /opt/airflow/dags
[2023-01-06T20:53:15.406+0000] {manager.py:729} INFO - There are 0 files in /opt/airflow/dags
[2023-01-06T20:58:15.863+0000] {manager.py:726} INFO - Searching for files in /opt/airflow/dags
[2023-01-06T20:58:15.867+0000] {manager.py:729} INFO - There are 0 files in /opt/airflow/dags
[2023-01-06T21:03:16.228+0000] {manager.py:726} INFO - Searching for files in /opt/airflow/dags
[2023-01-06T21:03:16.234+0000] {manager.py:729} INFO - There are 0 files in /opt/airflow/dags
[2023-01-06T21:08:16.953+0000] {manager.py:726} INFO - Searching for files in /opt/airflow/dags
[2023-01-06T21:08:16.962+0000] {manager.py:729} INFO - There are 0 files in /opt/airflow/dags
[2023-01-06T21:13:17.305+0000] {manager.py:726} INFO - Searching for files in /opt/airflow/dags
[2023-01-06T21:13:17.313+0000] {manager.py:729} INFO - There are 0 files in /opt/airflow/dags
[2023-01-06T21:18:17.803+0000] {manager.py:726} INFO - Searching for files in /opt/airflow/dags
[2023-01-06T21:18:17.811+0000] {manager.py:729} INFO - There are 0 files in /opt/airflow/dags
[2023-01-06T21:23:18.342+0000] {manager.py:726} INFO - Searching for files in /opt/airflow/dags
[2023-01-06T21:23:18.348+0000] {manager.py:729} INFO - There are 0 files in /opt/airflow/dags
[2023-01-06T21:28:18.851+0000] {manager.py:726} INFO - Searching for files in /opt/airflow/dags
[2023-01-06T21:28:18.859+0000] {manager.py:729} INFO - There are 0 files in /opt/airflow/dags
[2023-01-06T21:33:19.292+0000] {manager.py:726} INFO - Searching for files in /opt/airflow/dags
[2023-01-06T21:33:19.296+0000] {manager.py:729} INFO - There are 0 files in /opt/airflow/dags
[2023-01-06T21:38:19.914+0000] {manager.py:726} INFO - Searching for files in /opt/airflow/dags
[2023-01-06T21:38:19.920+0000] {manager.py:729} INFO - There are 0 files in /opt/airflow/dags
[2023-01-06T21:43:20.472+0000] {manager.py:726} INFO - Searching for files in /opt/airflow/dags
[2023-01-06T21:43:20.480+0000] {manager.py:729} INFO - There are 0 files in /opt/airflow/dags
